<?xml version="1.0" encoding="UTF-8"?>
<!-- Generated by org.testng.reporters.JUnitReportReporter -->
<testsuite skipped="0" hostname="DESKTOP-7VGE18I" name="pratik.rest.GoogleRestAPI" tests="3" failures="0" timestamp="27 Aug 2017 09:31:38 GMT" time="4.175" errors="0">
  <testcase name="postRequest" time="0.335" classname="pratik.rest.GoogleRestAPI"/>
  <testcase name="deleteRequest" time="3.303" classname="pratik.rest.GoogleRestAPI"/>
  <testcase name="getRequestTest" time="0.537" classname="pratik.rest.GoogleRestAPI"/>
</testsuite> <!-- pratik.rest.GoogleRestAPI -->
